C51 COMPILER V9.52.0.0   LED                                                               10/10/2016 16:43:42 PAGE 1   


C51 COMPILER V9.52.0.0, COMPILATION OF MODULE LED
OBJECT MODULE PLACED IN led.OBJ
COMPILER INVOKED BY: C:\Keil\C51\BIN\C51.EXE led.c BROWSE DEBUG OBJECTEXTEND TABS(2)

line level    source

   1          #include <C8051F410.h>                 // SFR declarations
   2          #include <zyy_declare.h>
   3          
   4          ////LED闪烁状态 关闭所有LED
   5          //void BlinkState_DisableLed(void)
   6          //{//
   7          //  uchar i;
   8          //
   9          //  for(i=0;i<128;i++)
  10          //  {
  11          //    LED_DATA = 0;
  12          //    Led_Sclk_RS();
  13          //
  14          //  }
  15          //  LED_DATA = 0;
  16          //  LED_DATA = 0;
  17          //  LED_DATA = 0;
  18          //  LED_DATA = 0;
  19          //  Led_Lclk_RS();
  20          //
  21          //}
  22          
  23          //检查是否有需要点亮的LED灯
  24          void Led_Check(void)
  25          {
  26   1        uchar i;
  27   1      
  28   1        if(UART0.LED_ID == 0)
  29   1        {//没有LED需要点亮
  30   2          ;
  31   2        }
  32   1        else if(UART0.LED_ID == 0xff)
  33   1        {//关闭所有LED
  34   2          disable_led(0xff);
  35   2          UART0.LED_ID = 0;
  36   2        }
  37   1        else
  38   1        {//点亮LED
  39   2          led_enable(UART0.LED_ID);
  40   2          UART0.LED_ID = 0;
  41   2        }
  42   1      
  43   1      //  //所有LED一起闪烁设置
  44   1      //  if ( (UART0.LED_STATE) && (UART0.LED_Blink_Cnt == Timer0Value) )
  45   1      //  {
  46   1      //    UART0.LED_Blink_Cnt = Timer0Value + 20; //500ms
  47   1      //
  48   1      //    if (UART0.LED_Blink_state == 1)
  49   1      //    {//LED点亮
  50   1      //      led_enable(251);
  51   1      //      UART0.LED_Blink_state = 0;
  52   1      //    }
  53   1      //    else
  54   1      //    {//LED熄灭
  55   1      //      BlinkState_DisableLed();
C51 COMPILER V9.52.0.0   LED                                                               10/10/2016 16:43:42 PAGE 2   

  56   1      //      UART0.LED_Blink_state = 1;
  57   1      //    }
  58   1      //  }
  59   1      
  60   1        //单个LED闪烁设置
  61   1        UART0.LED_STATE = 0;
  62   1        for(i=0;i<16;i++)
  63   1        {//检查是否有需要闪烁的LED
  64   2          UART0.LED_STATE |= LED_BLINK[i];
  65   2        }
  66   1        if ( (UART0.LED_STATE) && (UART0.LED_Blink_Cnt == Timer0Value) )
  67   1        {
  68   2          UART0.LED_Blink_Cnt = Timer0Value + 20; //500ms
  69   2      
  70   2          if (UART0.LED_Blink_state == 1)
  71   2          {//LED点亮
  72   3            led_enable(241);
  73   3            UART0.LED_Blink_state = 0;
  74   3          }
  75   2          else
  76   2          {//LED熄灭
  77   3            disable_led(241);
  78   3      //      BlinkState_DisableLed();
  79   3            UART0.LED_Blink_state = 1;
  80   3          }
  81   2        }
  82   1      
  83   1      }
  84          
  85          //enable LED
  86          void led_enable(uchar led)
  87          {   
  88   1        uchar i;
  89   1      
  90   1        switch((led-1)/8)
  91   1        {
  92   2          case 0://点亮LED的位置编号 1-8 
  93   2              led_1_8 |= 0x80 >> ( (led-1)%8 );
  94   2              break;
  95   2          case 1://点亮LED的位置编号 9-16
  96   2              led_9_16 |= 0x80 >> ( (led-1)%8 );
  97   2              break;
  98   2          case 2://点亮LED的位置编号 17-24
  99   2              led_17_24 |= 0x80 >> ( (led-1)%8 );
 100   2              break;
 101   2          case 3://点亮LED的位置编号 25-32
 102   2              led_25_32 |= 0x80 >> ( (led-1)%8 );
 103   2              break;
 104   2          case 4://点亮LED的位置编号 33-40
 105   2              led_33_40 |= 0x80 >> ( (led-1)%8 );
 106   2              break;
 107   2          case 5://点亮LED的位置编号 41-48 
 108   2              led_41_48 |= 0x80 >> ( (led-1)%8 );
 109   2              break;
 110   2          case 6://点亮LED的位置编号 49_56
 111   2              led_49_56 |= 0x80 >> ( (led-1)%8 );
 112   2              break;
 113   2          case 7://点亮LED的位置编号 57_64
 114   2              led_57_64 |= 0x80 >> ( (led-1)%8 );
 115   2              break;
 116   2          case 8://点亮LED的位置编号 65_72
 117   2              led_65_72 |= 0x80 >> ( (led-1)%8 );
C51 COMPILER V9.52.0.0   LED                                                               10/10/2016 16:43:42 PAGE 3   

 118   2              break;
 119   2          case 9://点亮LED的位置编号 73_80
 120   2              led_73_80 |= 0x80 >> ( (led-1)%8 );
 121   2              break;
 122   2          case 10://点亮LED的位置编号 81_88
 123   2              led_81_88 |= 0x80 >> ( (led-1)%8 );
 124   2              break;
 125   2          case 11://点亮LED的位置编号89_96
 126   2              led_89_96 |= 0x80 >> ( (led-1)%8 );
 127   2              break;
 128   2          case 12://点亮LED的位置编号 97_104
 129   2              led_97_104 |= 0x80 >> ( (led-1)%8 );
 130   2              break;
 131   2          case 13://点亮LED的位置编号 105_112
 132   2              led_105_112 |= 0x80 >> ( (led-1)%8 );
 133   2              break;
 134   2          case 14://点亮LED的位置编号 113_120
 135   2              led_113_120 |= 0x80 >> ( (led-1)%8 );
 136   2              break;
 137   2          case 15://点亮LED的位置编号 121_128
 138   2              led_121_128 |= 0x80 >> ( (led-1)%8 );
 139   2              break;
 140   2          case 31://所有LED闪烁
 141   2              break;
 142   2          case 30://单个LED闪烁
 143   2              //LED点亮
 144   2                led_1_8   |= LED_BLINK[0];
 145   2                led_9_16  |= LED_BLINK[1];
 146   2                led_17_24   |= LED_BLINK[2];                  
 147   2                led_25_32   |= LED_BLINK[3];
 148   2              led_33_40   |= LED_BLINK[4];
 149   2                led_41_48   |= LED_BLINK[5];    
 150   2                led_49_56   |= LED_BLINK[6];
 151   2                led_57_64   |= LED_BLINK[7];                  
 152   2                led_65_72   |= LED_BLINK[8];
 153   2                led_73_80   |= LED_BLINK[9];
 154   2                led_81_88   |= LED_BLINK[10];   
 155   2                led_89_96   |= LED_BLINK[11];
 156   2                led_97_104  |= LED_BLINK[12];                 
 157   2                led_105_112 |= LED_BLINK[13];
 158   2                led_113_120 |= LED_BLINK[14];
 159   2                led_121_128 |= LED_BLINK[15];
 160   2              
 161   2              break;
 162   2          default:
 163   2          
 164   2                led_1_8     = 0;    //关闭所有
 165   2                led_9_16    = 0;
 166   2                led_17_24   = 0;                  
 167   2                led_25_32   = 0;
 168   2                led_33_40   = 0;
 169   2                led_41_48   = 0;    
 170   2                led_49_56   = 0;
 171   2                led_57_64   = 0;                  
 172   2                led_65_72   = 0;
 173   2                led_73_80   = 0;
 174   2                led_81_88   = 0;    
 175   2                led_89_96   = 0;
 176   2                led_97_104  = 0;                  
 177   2                led_105_112 = 0;
 178   2                led_113_120 = 0;
 179   2                led_121_128 = 0;
C51 COMPILER V9.52.0.0   LED                                                               10/10/2016 16:43:42 PAGE 4   

 180   2      
 181   2              break;
 182   2        }
 183   1      
 184   1        for(i=0;i<8;i++)
 185   1        {
 186   2          LED_DATA = (led_121_128 >> i) &0x1;
 187   2          Led_Sclk_RS();
 188   2        }
 189   1      
 190   1        for(i=0;i<8;i++)
 191   1        {
 192   2          LED_DATA = (led_113_120 >> i) &0x1;
 193   2          Led_Sclk_RS();
 194   2        }
 195   1      
 196   1        for(i=0;i<8;i++)
 197   1        {
 198   2          LED_DATA = (led_105_112 >> i) &0x1;
 199   2          Led_Sclk_RS();
 200   2        }
 201   1      
 202   1        for(i=0;i<8;i++)
 203   1        {
 204   2          LED_DATA = (led_97_104 >> i) &0x1;
 205   2          Led_Sclk_RS();
 206   2        }
 207   1      
 208   1        for(i=0;i<8;i++)
 209   1        {
 210   2          LED_DATA = (led_89_96 >> i) &0x1;
 211   2          Led_Sclk_RS();
 212   2        }
 213   1      
 214   1        for(i=0;i<8;i++)
 215   1        {
 216   2          LED_DATA = (led_81_88 >> i) &0x1;
 217   2          Led_Sclk_RS();
 218   2        }
 219   1        for(i=0;i<8;i++)
 220   1        {
 221   2          LED_DATA = (led_73_80 >> i) &0x1;
 222   2          Led_Sclk_RS();
 223   2        }
 224   1      
 225   1        for(i=0;i<8;i++)
 226   1        {
 227   2          LED_DATA = (led_65_72 >> i) &0x1;
 228   2          Led_Sclk_RS();
 229   2        }
 230   1      
 231   1        for(i=0;i<8;i++)
 232   1        {
 233   2          LED_DATA = (led_57_64 >> i) &0x1;
 234   2          Led_Sclk_RS();
 235   2        }
 236   1      
 237   1        for(i=0;i<8;i++)
 238   1        {
 239   2          LED_DATA = (led_49_56 >> i) &0x1;
 240   2          Led_Sclk_RS();
 241   2        }
C51 COMPILER V9.52.0.0   LED                                                               10/10/2016 16:43:42 PAGE 5   

 242   1      
 243   1        for(i=0;i<8;i++)
 244   1        {
 245   2          LED_DATA = (led_41_48 >> i) &0x1;
 246   2          Led_Sclk_RS();
 247   2        }
 248   1      
 249   1        for(i=0;i<8;i++)
 250   1        {
 251   2          LED_DATA = (led_33_40 >> i) &0x1;
 252   2          Led_Sclk_RS();
 253   2        }
 254   1      
 255   1        for(i=0;i<8;i++)
 256   1        {
 257   2          LED_DATA = (led_25_32 >> i) &0x1;
 258   2          Led_Sclk_RS();
 259   2        }
 260   1      
 261   1        for(i=0;i<8;i++)
 262   1        {
 263   2          LED_DATA = (led_17_24 >> i) &0x1;
 264   2          Led_Sclk_RS();
 265   2        }
 266   1      
 267   1        for(i=0;i<8;i++)
 268   1        {
 269   2          LED_DATA = (led_9_16 >> i) &0x1;
 270   2          Led_Sclk_RS();
 271   2        }
 272   1      
 273   1        for(i=0;i<8;i++)
 274   1        {
 275   2          LED_DATA = (led_1_8 >> i) &0x1;
 276   2          Led_Sclk_RS();
 277   2        }
 278   1      
 279   1        Led_Lclk_RS();
 280   1      
 281   1      }
 282          
 283          //熄灭LED
 284          void disable_led(uchar led)
 285          {
 286   1        uchar i;
 287   1      
 288   1        switch((led-1)/8)
 289   1        {
 290   2          case 0://熄灭LED的位置编号 1-8 
 291   2              led_1_8 &= ~(0x80 >> ( (led-1)%8 ));
 292   2              break;
 293   2          case 1://熄灭LED的位置编号 9-16
 294   2              led_9_16 &= ~(0x80 >> ( (led-1)%8 ));
 295   2              break;
 296   2          case 2://熄灭LED的位置编号 17-24
 297   2              led_17_24 &= ~(0x80 >> ( (led-1)%8 ));
 298   2              break;
 299   2          case 3://熄灭LED的位置编号 25-32
 300   2              led_25_32 &= ~(0x80 >> ( (led-1)%8 ));
 301   2              break;
 302   2          case 4://熄灭LED的位置编号 33-40
 303   2              led_33_40 &= ~(0x80 >> ( (led-1)%8 ));
C51 COMPILER V9.52.0.0   LED                                                               10/10/2016 16:43:42 PAGE 6   

 304   2              break;
 305   2          case 5://熄灭LED的位置编号 41-48 
 306   2              led_41_48 &= ~(0x80 >> ( (led-1)%8 ));
 307   2              break;
 308   2          case 6://熄灭LED的位置编号 49_56
 309   2              led_49_56 &= ~(0x80 >> ( (led-1)%8 ));
 310   2              break;
 311   2          case 7://熄灭LED的位置编号 57_64
 312   2              led_57_64 &= ~(0x80 >> ( (led-1)%8 ));
 313   2              break;
 314   2          case 8://熄灭LED的位置编号 65_72
 315   2              led_65_72 &= ~(0x80 >> ( (led-1)%8 ));
 316   2              break;
 317   2          case 9://熄灭LED的位置编号 73_80
 318   2              led_73_80 &= ~(0x80 >> ( (led-1)%8 ));
 319   2              break;
 320   2          case 10://熄灭LED的位置编号 81_88
 321   2              led_81_88 &= ~(0x80 >> ( (led-1)%8 ));
 322   2              break;
 323   2          case 11://熄灭LED的位置编号89_96
 324   2              led_89_96 &= ~(0x80 >> ( (led-1)%8 ));
 325   2              break;
 326   2          case 12://熄灭LED的位置编号 97_104
 327   2              led_97_104 &= ~(0x80 >> ( (led-1)%8 ));
 328   2              break;
 329   2          case 13://熄灭LED的位置编号 105_112
 330   2              led_105_112 &= ~(0x80 >> ( (led-1)%8 ));
 331   2              break;
 332   2          case 14://熄灭LED的位置编号 113_120
 333   2              led_113_120 &= ~(0x80 >> ( (led-1)%8 ));
 334   2              break;
 335   2          case 15://熄灭LED的位置编号 121_128
 336   2              led_121_128 &= ~(0x80 >> ( (led-1)%8 ));
 337   2              break;
 338   2      
 339   2          case 30://单个LED闪烁
 340   2              //LED点亮
 341   2                led_1_8     &= ~LED_BLINK[0];
 342   2                led_9_16    &= ~LED_BLINK[1];
 343   2                led_17_24   &= ~LED_BLINK[2];                 
 344   2                led_25_32   &= ~LED_BLINK[3];
 345   2                led_33_40   &= ~LED_BLINK[4];
 346   2                led_41_48   &= ~LED_BLINK[5];   
 347   2                led_49_56   &= ~LED_BLINK[6];
 348   2                led_57_64   &= ~LED_BLINK[7];                 
 349   2                led_65_72   &= ~LED_BLINK[8];
 350   2                led_73_80   &= ~LED_BLINK[9];
 351   2                led_81_88   &= ~LED_BLINK[10];    
 352   2                led_89_96   &= ~LED_BLINK[11];
 353   2                led_97_104  &= ~LED_BLINK[12];                  
 354   2                led_105_112 &= ~LED_BLINK[13];
 355   2                led_113_120 &= ~LED_BLINK[14];
 356   2                led_121_128 &= ~LED_BLINK[15];
 357   2              
 358   2              break;
 359   2          default:
 360   2                led_1_8     = 0;    //关闭所有
 361   2                led_9_16    = 0;
 362   2                led_17_24   = 0;                  
 363   2                led_25_32   = 0;
 364   2                led_33_40   = 0;
 365   2                led_41_48   = 0;    
C51 COMPILER V9.52.0.0   LED                                                               10/10/2016 16:43:42 PAGE 7   

 366   2                led_49_56   = 0;
 367   2                led_57_64   = 0;                  
 368   2                led_65_72   = 0;
 369   2                led_73_80   = 0;
 370   2                led_81_88   = 0;    
 371   2                led_89_96   = 0;
 372   2                led_97_104  = 0;                  
 373   2                led_105_112 = 0;
 374   2                led_113_120 = 0;
 375   2                led_121_128 = 0;
 376   2      
 377   2              //清零 LED闪烁寄存器
 378   2              for(i=0;i<16;i++)
 379   2              {
 380   3                LED_BLINK[i] = 0;
 381   3              }
 382   2      
 383   2              break;
 384   2        }
 385   1      
 386   1      
 387   1        for(i=0;i<8;i++)
 388   1        {
 389   2          LED_DATA = (led_121_128 >> i) &0x1;
 390   2          Led_Sclk_RS();
 391   2        }
 392   1      
 393   1        for(i=0;i<8;i++)
 394   1        {
 395   2          LED_DATA = (led_113_120 >> i) &0x1;
 396   2          Led_Sclk_RS();
 397   2        }
 398   1      
 399   1        for(i=0;i<8;i++)
 400   1        {
 401   2          LED_DATA = (led_105_112 >> i) &0x1;
 402   2          Led_Sclk_RS();
 403   2        }
 404   1      
 405   1        for(i=0;i<8;i++)
 406   1        {
 407   2          LED_DATA = (led_97_104 >> i) &0x1;
 408   2          Led_Sclk_RS();
 409   2        }
 410   1      
 411   1        for(i=0;i<8;i++)
 412   1        {
 413   2          LED_DATA = (led_89_96 >> i) &0x1;
 414   2          Led_Sclk_RS();
 415   2        }
 416   1      
 417   1        for(i=0;i<8;i++)
 418   1        {
 419   2          LED_DATA = (led_81_88 >> i) &0x1;
 420   2          Led_Sclk_RS();
 421   2        }
 422   1        for(i=0;i<8;i++)
 423   1        {
 424   2          LED_DATA = (led_73_80 >> i) &0x1;
 425   2          Led_Sclk_RS();
 426   2        }
 427   1      
C51 COMPILER V9.52.0.0   LED                                                               10/10/2016 16:43:42 PAGE 8   

 428   1        for(i=0;i<8;i++)
 429   1        {
 430   2          LED_DATA = (led_65_72 >> i) &0x1;
 431   2          Led_Sclk_RS();
 432   2        }
 433   1      
 434   1        for(i=0;i<8;i++)
 435   1        {
 436   2          LED_DATA = (led_57_64 >> i) &0x1;
 437   2          Led_Sclk_RS();
 438   2        }
 439   1      
 440   1        for(i=0;i<8;i++)
 441   1        {
 442   2          LED_DATA = (led_49_56 >> i) &0x1;
 443   2          Led_Sclk_RS();
 444   2        }
 445   1      
 446   1        for(i=0;i<8;i++)
 447   1        {
 448   2          LED_DATA = (led_41_48 >> i) &0x1;
 449   2          Led_Sclk_RS();
 450   2        }
 451   1        for(i=0;i<8;i++)
 452   1        {
 453   2          LED_DATA = (led_33_40 >> i) &0x1;
 454   2          Led_Sclk_RS();
 455   2        }
 456   1      
 457   1        for(i=0;i<8;i++)
 458   1        {
 459   2          LED_DATA = (led_25_32 >> i) &0x1;
 460   2          Led_Sclk_RS();
 461   2        }
 462   1      
 463   1        for(i=0;i<8;i++)
 464   1        {
 465   2          LED_DATA = (led_17_24 >> i) &0x1;
 466   2          Led_Sclk_RS();
 467   2        }
 468   1      
 469   1        for(i=0;i<8;i++)
 470   1        {
 471   2          LED_DATA = (led_9_16 >> i) &0x1;
 472   2          Led_Sclk_RS();
 473   2        }
 474   1      
 475   1        for(i=0;i<8;i++)
 476   1        {
 477   2          LED_DATA = (led_1_8 >> i) &0x1;
 478   2          Led_Sclk_RS();
 479   2        }
 480   1      
 481   1        Led_Lclk_RS();
 482   1      }
 483          
 484          
 485          //
 486          


MODULE INFORMATION:   STATIC OVERLAYABLE
C51 COMPILER V9.52.0.0   LED                                                               10/10/2016 16:43:42 PAGE 9   

   CODE SIZE        =   1976    ----
   CONSTANT SIZE    =   ----    ----
   XDATA SIZE       =   ----    ----
   PDATA SIZE       =   ----    ----
   DATA SIZE        =   ----    ----
   IDATA SIZE       =   ----    ----
   BIT SIZE         =   ----    ----
END OF MODULE INFORMATION.


C51 COMPILATION COMPLETE.  0 WARNING(S),  0 ERROR(S)
