C51 COMPILER V9.52.0.0   MAIN                                                              10/10/2016 16:43:42 PAGE 1   


C51 COMPILER V9.52.0.0, COMPILATION OF MODULE MAIN
OBJECT MODULE PLACED IN main.OBJ
COMPILER INVOKED BY: C:\Keil\C51\BIN\C51.EXE main.c BROWSE DEBUG OBJECTEXTEND TABS(2)

line level    source

   1          /**********************************************
   2          ƣҩ(׼桪ȫ)     õ·壺SMC_V2.13 & SMC_V2.14 PCB  
   3          
   4          ʷ޸İ汾ţV2.13   ޸ڣ2015-12-08
   5          ޸ԭ1ĿƲȫΪȫΪ׼
   6                    2˵1Sûȶ״̬·
   7                    3޸˴򿪳벻ظݣϳٻظ
   8                    4Ʒݴ
   9          
  10          ʷ޸İ汾ţV2.14   ޸ڣ2015-12-11
  11          ޸ԭ1λͿָ,λִ궯λ͵״ָ̬
  12          
  13          °汾ţV2.15   ޸ڣ2016-9-22 ~2016-09-26
  14          ޸ԭ1˶ԳͨѶ
  15                    2һʱֹرչŲλݵ
  16                    3ʾ汾
  17          /**********************************************/
  18          
  19          #include <C8051F410.h>                // SFR declarations
  20          #include <zyy_declare.h>
  21          #include <zyy_define.h>
  22          
  23          void PORT_Init (void)
  24          {
  25   1         P0MDIN  = 0xFF;                    // ť ָʾ UART0 RS485_COM ŷźŷ
             -
  26   1         P0MDOUT = 0xFF;                    //TXD,RXD=PUSH-PULL
  27   1      
  28   1         P1MDIN  = 0xff;                    // ŷ & LEDָʾ  
  29   1         P1MDOUT = 0xff;                   
  30   1      
  31   1         XBR0    = 0x01;                    // Enable UART on P0.4(TX) and P0.5(RX)
  32   1         XBR1    = 0x40;                    // IOʹ
  33   1      }
  34          void SYSCLK_Init (void) //49MʱΪϵͳʱ
  35          {
  36   1          unsigned char i;
  37   1          PCA0MD &= ~0x40; // WDTE = 0 (clear watchdog timer
  38   1          OSCICN = 0x80;                         // enable intosc
  39   1          CLKSEL = 0x00;                         // select intosc as sysclk source
  40   1      // INTOSC configure
  41   1          OSCICN = 0x83;
  42   1      // PLL configure
  43   1          CLKMUL = 0x00;                         // Reset Clock Multiplier
  44   1          CLKMUL &= ~0x03;                       // select INTOSC / 2 as PLL source49M
  45   1          CLKMUL |= 0x80;                        // Enable 4x Multipler (MULEN = 1)
  46   1          for (i = 0; i < 200; i++);             // Delay for at least 5us
  47   1          CLKMUL |= 0xC0;                        // Initialize Multiplier
  48   1         while (!(CLKMUL & 0x20));              // Poll for Multiply Ready
  49   1      // SYSCLK configure
  50   1          VDM0CN = 0x80;                         // enable VDD monitor
  51   1          RSTSRC = 0x06;                         // enable missing clock detector
  52   1          // and VDD monitor reset sources
  53   1          CLKSEL = 0x02;                         // select PLL as clock source
  54   1          XBR1|=0X40;                            //enable SKIP
C51 COMPILER V9.52.0.0   MAIN                                                              10/10/2016 16:43:42 PAGE 2   

  55   1      }
  56          void main (void)
  57          {
  58   1      //  PCA0MD &= ~0x40;                    // رտŹ
  59   1      //  
  60   1      //  //ڲѡ 24.5MHZ
  61   1      //  OSCICN = 0x87;            //24.5MHZƵ ʹڲ
  62   1      //  CLKSEL = 0;               //ѡڲ SYSCLKƵ
  63   1      //  while((OSCICN & 0x40) == 0);    //ȴڲʱӹ״̬
  64   1        SYSCLK_Init ();
  65   1        PORT_Init();                    // Initialize Port I/O
  66   1        //رLOCK
  67   1        disable_lock(0xff);
  68   1      
  69   1        Timer0_Init();              //ʱ0ʼ
  70   1        Timer2_Init();              //ʱ2ʼ
  71   1        UART0_Init();               //UARTʼ
  72   1        EA = 1;                     //ж
  73   1        Worker_Count = Timer0Value + 20;  //ָʾ˸ʱʼ 500ms
  74   1        UART0.MasterBusy = 0;   //æʶ
  75   1      
  76   1        //رLED
  77   1        disable_led(0xFF);
  78   1        
  79   1        //ָʾ
  80   1        ShelfLed_Enable();  
  81   1        
  82   1        variable_init();          //ʼ
  83   1        //ʹ485ڽ״̬
  84   1          RS485_REN();            
  85   1      //  UART0.TranDataRec = 0;
  86   1      
  87   1      /*test cmd
  88   1      LED ENABLE 
  89   1        @W10001087      1LED
  90   1        40 57 31 30 30 30 31 30 38 37 0d 09
  91   1      
  92   1        @W1001B087      27LED
  93   1        40 57 31 30 30 31 42 30 37 35 0d 09
  94   1      LED DISABLE ALL
  95   1        @W100FF05C      ϨLED
  96   1        40 57 31 30 30 46 46 30 35 43 0d 09
  97   1      */
  98   1         while (1)
  99   1         {
 100   2          Communication_Respone();    //ͨż
 101   2          lock_control();             //ǷҪ򿪵ĵŷ
 102   2          Check_lock_500ms();         //ŷ500msʱ
 103   2          Led_Check();                //ʹLED
 104   2          State_input();              //LOCK && BUTTON ״̬
 105   2      
 106   2          if (Timer0Value == Worker_Count)  //ָʾ˸
 107   2          {
 108   3            Worker_Count = Timer0Value + 20;
 109   3            WORK_LED = ~WORK_LED;
 110   3          }
 111   2         }                                   
 112   1      }                                      
 113          
 114          
 115          

C51 COMPILER V9.52.0.0   MAIN                                                              10/10/2016 16:43:42 PAGE 3   


MODULE INFORMATION:   STATIC OVERLAYABLE
   CODE SIZE        =    139    ----
   CONSTANT SIZE    =     87    ----
   XDATA SIZE       =   ----    ----
   PDATA SIZE       =   ----    ----
   DATA SIZE        =     56    ----
   IDATA SIZE       =     60    ----
   BIT SIZE         =   ----    ----
END OF MODULE INFORMATION.


C51 COMPILATION COMPLETE.  0 WARNING(S),  0 ERROR(S)
