C51 COMPILER V9.52.0.0   TIMER0                                                            10/10/2016 16:43:42 PAGE 1   


C51 COMPILER V9.52.0.0, COMPILATION OF MODULE TIMER0
OBJECT MODULE PLACED IN timer0.OBJ
COMPILER INVOKED BY: C:\Keil\C51\BIN\C51.EXE timer0.c BROWSE DEBUG OBJECTEXTEND TABS(2)

line level    source

   1          #include <C8051F410.h>                 // SFR declarations
   2          #include <zyy_declare.h>
   3          #define Timer0High (65535-25000)/256
   4          #define Timer0Low  (65535-25000)%256
   5          #define Timer2High (65535-1500*4)/256
   6          #define Timer2Low  (65535-1500*4)%256
   7          
   8          //25ms定时器
   9          void Timer0_Init(void)    //25毫秒
  10          {
  11   1      //  AUXR &= 0x7F;   //定时器时钟12T模式
  12   1        TMOD &= 0xF0;   //设置定时器模式
  13   1        TMOD |= 0x01;   //设置定时器模式
  14   1        CKCON &=0X00;       //设置定时器时钟选择
  15   1        CKCON |=0X02;       //设置定时器时钟system/48=1.02MHz
  16   1        TL0 = Timer0Low;    //设置定时初值
  17   1        TH0 = Timer0High;   //设置定时初值
  18   1        TF0 = 0;    //清除TF0标志
  19   1        TR0 = 1;    //定时器0开始计时
  20   1        ET0=1;
  21   1        EA=1;
  22   1      }
  23          
  24          void Timer0_ISR (void) interrupt 1
  25          {
  26   1         TH0 = Timer0High;           // Init Timer0 High register
  27   1         TL0 = Timer0Low;           // Init Timer0 Low register
  28   1      
  29   1         Timer0Value++;   //25ms计数器自加
  30   1      }
  31          
  32          //1.5ms 16bit定时器 0xf408
  33          void Timer2_Init(void)  
  34          {     
  35   1      //  CKCON   &= ~0x60;                     // Timer2 uses SYSCLK/12    
  36   1        
  37   1        TMR2CN  &= ~0x01;    
  38   1        TMR2RLH = Timer2High;     
  39   1        TMR2RLL = Timer2Low;     
  40   1      
  41   1      //  TR2   = 1;     
  42   1        ET2   = 1;                            // Timer2 interrupt enabled 
  43   1        EA=1;
  44   1      }
  45          
  46          void Timer2_ISR (void) interrupt 5 
  47          { 
  48   1        TF2H = 0;
  49   1        Timer2Value++;    //定时器2计数器++ 
  50   1      
  51   1        //主动通信检查 检查是否有需要发送的主动通信
  52   1        if ( (UART0.LockState[0] == 0) && (UART0.ButtonState[0] == 0) && (Return_Lock_ID == 0) )   //若抽屉的状态
             -为关闭 && 没有按键被按下 && 没有要返回的电磁锁编号
  53   1        {
  54   2          TR2 = 0;                //定时器2禁止工作
C51 COMPILER V9.52.0.0   TIMER0                                                            10/10/2016 16:43:42 PAGE 2   

  55   2          UART0.MasterBusy = 0;   //清除主动发送忙标识
  56   2        }
  57   1        else       //若抽屉的状态为打开 || 有按键被按下 || 有要返回的电磁锁编号
  58   1        {
  59   2          if (UART0.Master_Tran_Timer == Timer2Value)    //主动发送模式计时器 = 定时器2的定时次数
  60   2          {
  61   3            if (UART0.RevBuf[0])                         //如果
  62   3            {//有通信接受状态 继续等待
  63   4              UART0.Master_Tran_Timer = Timer2Value + 1;
  64   4            }
  65   3            else
  66   3            {//无通信接受 可以发送主动状态
  67   4              UART0.MasterFlag    = 1;    //使能主动通信
  68   4              Timer2Value       = 0;
  69   4              UART0.Master_Tran_Timer = 150;    //设定通信返回时间为75ms
  70   4            }
  71   3          } 
  72   2        }
  73   1      }


MODULE INFORMATION:   STATIC OVERLAYABLE
   CODE SIZE        =    120    ----
   CONSTANT SIZE    =   ----    ----
   XDATA SIZE       =   ----    ----
   PDATA SIZE       =   ----    ----
   DATA SIZE        =   ----    ----
   IDATA SIZE       =   ----    ----
   BIT SIZE         =   ----    ----
END OF MODULE INFORMATION.


C51 COMPILATION COMPLETE.  0 WARNING(S),  0 ERROR(S)
