C51 COMPILER V9.52.0.0   VARIABLE_INIT                                                     10/10/2016 16:43:43 PAGE 1   


C51 COMPILER V9.52.0.0, COMPILATION OF MODULE VARIABLE_INIT
OBJECT MODULE PLACED IN variable_init.OBJ
COMPILER INVOKED BY: C:\Keil\C51\BIN\C51.EXE variable_init.c BROWSE DEBUG OBJECTEXTEND TABS(2)

line level    source

   1          #include <C8051F410.h>                 // SFR declarations
   2          #include <zyy_declare.h>
   3          
   4          void variable_init(void)
   5          {
   6   1        uchar i;
   7   1      
   8   1        //初始化 LOCK && Button 状态寄存器
   9   1        UART0.LockState[0] = 0;
  10   1        UART0.LockState[1] = 0;
  11   1        UART0.LockState[2] = 0;
  12   1        UART0.LockState[3] = 0;
  13   1        UART0.LockState[4] = 0;
  14   1        UART0.ButtonState[0] = 0;
  15   1        UART0.ButtonState[1] = 0;
  16   1        UART0.ButtonState[2] = 0;
  17   1        UART0.ButtonState[3] = 0;
  18   1        UART0.ButtonState[4] = 0;
  19   1      
  20   1        //初始化 LED闪烁寄存器
  21   1        for(i=0;i<16;i++)
  22   1        {
  23   2          LED_BLINK[i] = 0;
  24   2        }
  25   1      
  26   1        //初始化 LOCK状态寄存器 为关闭状态
  27   1        LOCK_STATE[0] = 0;
  28   1        LOCK_STATE[1] = 0;
  29   1        LOCK_STATE[2] = 0;
  30   1        LOCK_STATE[3] = 0;
  31   1        LOCK_STATE[4] = 0;
  32   1        for(i=0;i<8;i++)
  33   1        {
  34   2          door_time_value[i] = 0;
  35   2        }
  36   1        //初始化 主动通信
  37   1        UART0.Master_Tran_Timer = 0;
  38   1        Timer2Value       = 0;
  39   1        UART0.MasterFlag    = 0;
  40   1      
  41   1        //检测防抖建立标识
  42   1        Anti_Shake_Flag = 0;  
  43   1      
  44   1      
  45   1      }


MODULE INFORMATION:   STATIC OVERLAYABLE
   CODE SIZE        =     62    ----
   CONSTANT SIZE    =   ----    ----
   XDATA SIZE       =   ----    ----
   PDATA SIZE       =   ----    ----
   DATA SIZE        =   ----    ----
   IDATA SIZE       =   ----    ----
   BIT SIZE         =   ----    ----
C51 COMPILER V9.52.0.0   VARIABLE_INIT                                                     10/10/2016 16:43:43 PAGE 2   

END OF MODULE INFORMATION.


C51 COMPILATION COMPLETE.  0 WARNING(S),  0 ERROR(S)
